notifetch-android/app/build/intermediates/manifest_merge_blame_file/release/processReleaseMainManifest/manifest-merger-blame-release-report.txt
1<?xml version="1.0" encoding="utf-8"?>
2<manifest xmlns:android="http://schemas.android.com/apk/res/android"
3    package="com.notifetch.app"
4    android:versionCode="18"
5    android:versionName="2.4.0" >
6
7    <uses-sdk
8        android:minSdkVersion="24"
9        android:targetSdkVersion="35" />
10
11    <!-- Permissions -->
12    <uses-permission android:name="android.permission.INTERNET" />
12-->src/main/AndroidManifest.xml:6:5-67
12-->src/main/AndroidManifest.xml:6:22-64
13    <uses-permission android:name="android.permission.ACCESS_NETWORK_STATE" />
13-->src/main/AndroidManifest.xml:11:5-79
13-->src/main/AndroidManifest.xml:11:22-76
14    <uses-permission android:name="android.permission.RECEIVE_BOOT_COMPLETED" />
14-->src/main/AndroidManifest.xml:12:5-81
14-->src/main/AndroidManifest.xml:12:22-78
15    <uses-permission android:name="android.permission.POST_NOTIFICATIONS" />
15-->src/main/AndroidManifest.xml:13:5-77
15-->src/main/AndroidManifest.xml:13:22-74
16    <uses-permission android:name="android.permission.FOREGROUND_SERVICE" />
16-->src/main/AndroidManifest.xml:14:5-77
16-->src/main/AndroidManifest.xml:14:22-74
17    <uses-permission android:name="android.permission.FOREGROUND_SERVICE_SPECIAL_USE" />
17-->src/main/AndroidManifest.xml:15:5-89
17-->src/main/AndroidManifest.xml:15:22-86
18
19    <queries>
19-->[com.razorpay:checkout:1.6.33] AndroidManifest.xml:10:5-39:15
20        <intent>
20-->[com.razorpay:checkout:1.6.33] AndroidManifest.xml:11:9-17:18
21            <action android:name="android.intent.action.VIEW" />
21-->[com.razorpay:checkout:1.6.33] AndroidManifest.xml:12:13-65
21-->[com.razorpay:checkout:1.6.33] AndroidManifest.xml:12:21-62
22
23            <data
23-->[com.razorpay:checkout:1.6.33] AndroidManifest.xml:14:13-16:38
24                android:mimeType="*/*"
24-->[com.razorpay:checkout:1.6.33] AndroidManifest.xml:15:17-39
25                android:scheme="*" />
25-->[com.razorpay:checkout:1.6.33] AndroidManifest.xml:16:17-35
26        </intent>
27        <intent>
27-->[com.razorpay:checkout:1.6.33] AndroidManifest.xml:18:9-27:18
28            <action android:name="android.intent.action.VIEW" />
28-->[com.razorpay:checkout:1.6.33] AndroidManifest.xml:12:13-65
28-->[com.razorpay:checkout:1.6.33] AndroidManifest.xml:12:21-62
29
30            <category android:name="android.intent.category.BROWSABLE" />
30-->[com.razorpay:checkout:1.6.33] AndroidManifest.xml:21:13-74
30-->[com.razorpay:checkout:1.6.33] AndroidManifest.xml:21:23-71
31
32            <data
32-->[com.razorpay:checkout:1.6.33] AndroidManifest.xml:14:13-16:38
33                android:host="pay"
34                android:mimeType="*/*"
34-->[com.razorpay:checkout:1.6.33] AndroidManifest.xml:15:17-39
35                android:scheme="upi" />
35-->[com.razorpay:checkout:1.6.33] AndroidManifest.xml:16:17-35
36        </intent>
37        <intent>
37-->[com.razorpay:checkout:1.6.33] AndroidManifest.xml:28:9-30:18
38            <action android:name="android.intent.action.MAIN" />
38-->src/main/AndroidManifest.xml:41:17-69
38-->src/main/AndroidManifest.xml:41:25-66
39        </intent>
40        <intent>
40-->[com.razorpay:checkout:1.6.33] AndroidManifest.xml:31:9-35:18
41            <action android:name="android.intent.action.SEND" />
41-->[com.razorpay:checkout:1.6.33] AndroidManifest.xml:32:13-65
41-->[com.razorpay:checkout:1.6.33] AndroidManifest.xml:32:21-62
42
43            <data android:mimeType="*/*" />
43-->[com.razorpay:checkout:1.6.33] AndroidManifest.xml:14:13-16:38
43-->[com.razorpay:checkout:1.6.33] AndroidManifest.xml:15:17-39
44        </intent>
45        <intent>
45-->[com.razorpay:checkout:1.6.33] AndroidManifest.xml:36:9-38:18
46            <action android:name="rzp.device_token.share" />
46-->[com.razorpay:checkout:1.6.33] AndroidManifest.xml:37:13-61
46-->[com.razorpay:checkout:1.6.33] AndroidManifest.xml:37:21-58
47        </intent>
48    </queries>
49
50    <uses-permission android:name="android.permission.WAKE_LOCK" /> <!-- Required by older versions of Google Play services to create IID tokens -->
50-->[com.google.firebase:firebase-messaging:24.1.0] AndroidManifest.xml:24:5-68
50-->[com.google.firebase:firebase-messaging:24.1.0] AndroidManifest.xml:24:22-65
51    <uses-permission android:name="com.google.android.c2dm.permission.RECEIVE" />
51-->[com.google.firebase:firebase-messaging:24.1.0] AndroidManifest.xml:26:5-82
51-->[com.google.firebase:firebase-messaging:24.1.0] AndroidManifest.xml:26:22-79
52
53    <uses-feature
53-->[com.google.android.gms:play-services-maps:17.0.0] AndroidManifest.xml:26:5-28:35
54        android:glEsVersion="0x00020000"
54-->[com.google.android.gms:play-services-maps:17.0.0] AndroidManifest.xml:27:9-41
55        android:required="true" />
55-->[com.google.android.gms:play-services-maps:17.0.0] AndroidManifest.xml:28:9-32
56
57    <uses-permission android:name="com.google.android.finsky.permission.BIND_GET_INSTALL_REFERRER_SERVICE" />
57-->[com.google.android.gms:play-services-measurement:22.1.2] AndroidManifest.xml:26:5-110
57-->[com.google.android.gms:play-services-measurement:22.1.2] AndroidManifest.xml:26:22-107
58    <uses-permission android:name="com.google.android.providers.gsf.permission.READ_GSERVICES" />
58-->[com.google.android.recaptcha:recaptcha:18.5.1] AndroidManifest.xml:9:5-98
58-->[com.google.android.recaptcha:recaptcha:18.5.1] AndroidManifest.xml:9:22-95
59
60    <permission
60-->[androidx.core:core:1.15.0] AndroidManifest.xml:22:5-24:47
61        android:name="com.notifetch.app.DYNAMIC_RECEIVER_NOT_EXPORTED_PERMISSION"
61-->[androidx.core:core:1.15.0] AndroidManifest.xml:23:9-81
62        android:protectionLevel="signature" />
62-->[androidx.core:core:1.15.0] AndroidManifest.xml:24:9-44
63
64    <uses-permission android:name="com.notifetch.app.DYNAMIC_RECEIVER_NOT_EXPORTED_PERMISSION" />
64-->[androidx.core:core:1.15.0] AndroidManifest.xml:26:5-97
64-->[androidx.core:core:1.15.0] AndroidManifest.xml:26:22-94
65
66    <application
66-->src/main/AndroidManifest.xml:17:5-84:19
67        android:name="com.notifetch.app.NotiFetchApp"
67-->src/main/AndroidManifest.xml:18:9-37
68        android:allowBackup="true"
68-->src/main/AndroidManifest.xml:19:9-35
69        android:appComponentFactory="androidx.core.app.CoreComponentFactory"
69-->[androidx.core:core:1.15.0] AndroidManifest.xml:28:18-86
70        android:extractNativeLibs="false"
71        android:icon="@mipmap/ic_launcher"
71-->src/main/AndroidManifest.xml:20:9-43
72        android:label="@string/app_name"
72-->src/main/AndroidManifest.xml:21:9-41
73        android:roundIcon="@mipmap/ic_launcher_round"
73-->src/main/AndroidManifest.xml:22:9-54
74        android:supportsRtl="true"
74-->src/main/AndroidManifest.xml:23:9-35
75        android:theme="@style/Theme.NotiFetch" >
75-->src/main/AndroidManifest.xml:24:9-47
76
77        <!-- Main Activity -->
78        <activity
78-->src/main/AndroidManifest.xml:36:9-44:20
79            android:name="com.notifetch.app.MainActivity"
79-->src/main/AndroidManifest.xml:37:13-41
80            android:exported="true"
80-->src/main/AndroidManifest.xml:38:13-36
81            android:theme="@style/Theme.NotiFetch" >
81-->src/main/AndroidManifest.xml:39:13-51
82            <intent-filter>
82-->src/main/AndroidManifest.xml:40:13-43:29
83                <action android:name="android.intent.action.MAIN" />
83-->src/main/AndroidManifest.xml:41:17-69
83-->src/main/AndroidManifest.xml:41:25-66
84
85                <category android:name="android.intent.category.LAUNCHER" />
85-->src/main/AndroidManifest.xml:42:17-77
85-->src/main/AndroidManifest.xml:42:27-74
86            </intent-filter>
87        </activity>
88
89        <!-- Notification Listener Service -->
90        <service
90-->src/main/AndroidManifest.xml:47:9-61:19
91            android:name="com.notifetch.app.notification.NotiFetchListenerService"
91-->src/main/AndroidManifest.xml:48:13-66
92            android:exported="true"
92-->src/main/AndroidManifest.xml:49:13-36
93            android:foregroundServiceType="specialUse"
93-->src/main/AndroidManifest.xml:50:13-55
94            android:permission="android.permission.BIND_NOTIFICATION_LISTENER_SERVICE" >
94-->src/main/AndroidManifest.xml:51:13-87
95            <intent-filter>
95-->src/main/AndroidManifest.xml:52:13-54:29
96                <action android:name="android.service.notification.NotificationListenerService" />
96-->src/main/AndroidManifest.xml:53:17-99
96-->src/main/AndroidManifest.xml:53:25-96
97            </intent-filter>
98
99            <meta-data
99-->src/main/AndroidManifest.xml:55:13-57:58
100                android:name="android.service.notification.default_filter_types"
100-->src/main/AndroidManifest.xml:56:17-81
101                android:value="conversations|alerting" />
101-->src/main/AndroidManifest.xml:57:17-55
102            <meta-data
102-->src/main/AndroidManifest.xml:58:13-60:49
103                android:name="android.service.notification.default_rule_types"
103-->src/main/AndroidManifest.xml:59:17-79
104                android:value="conversations" />
104-->src/main/AndroidManifest.xml:60:17-46
105        </service>
106
107        <!-- Firebase Messaging Service -->
108        <service
108-->src/main/AndroidManifest.xml:64:9-70:19
109            android:name="com.notifetch.app.firebase.NotiFetchMessagingService"
109-->src/main/AndroidManifest.xml:65:13-63
110            android:exported="false" >
110-->src/main/AndroidManifest.xml:66:13-37
111            <intent-filter>
111-->src/main/AndroidManifest.xml:67:13-69:29
112                <action android:name="com.google.firebase.MESSAGING_EVENT" />
112-->src/main/AndroidManifest.xml:68:17-78
112-->src/main/AndroidManifest.xml:68:25-75
113            </intent-filter>
114        </service>
115
116        <!-- WorkManager initialization -->
117        <provider
118            android:name="androidx.startup.InitializationProvider"
118-->src/main/AndroidManifest.xml:74:13-67
119            android:authorities="com.notifetch.app.androidx-startup"
119-->src/main/AndroidManifest.xml:75:13-68
120            android:exported="false" >
120-->src/main/AndroidManifest.xml:76:13-37
121            <meta-data
121-->[androidx.emoji2:emoji2:1.3.0] AndroidManifest.xml:29:13-31:52
122                android:name="androidx.emoji2.text.EmojiCompatInitializer"
122-->[androidx.emoji2:emoji2:1.3.0] AndroidManifest.xml:30:17-75
123                android:value="androidx.startup" />
123-->[androidx.emoji2:emoji2:1.3.0] AndroidManifest.xml:31:17-49
124            <meta-data
124-->[androidx.lifecycle:lifecycle-process:2.8.7] AndroidManifest.xml:29:13-31:52
125                android:name="androidx.lifecycle.ProcessLifecycleInitializer"
125-->[androidx.lifecycle:lifecycle-process:2.8.7] AndroidManifest.xml:30:17-78
126                android:value="androidx.startup" />
126-->[androidx.lifecycle:lifecycle-process:2.8.7] AndroidManifest.xml:31:17-49
127            <meta-data
127-->[androidx.profileinstaller:profileinstaller:1.3.1] AndroidManifest.xml:29:13-31:52
128                android:name="androidx.profileinstaller.ProfileInstallerInitializer"
128-->[androidx.profileinstaller:profileinstaller:1.3.1] AndroidManifest.xml:30:17-85
129                android:value="androidx.startup" />
129-->[androidx.profileinstaller:profileinstaller:1.3.1] AndroidManifest.xml:31:17-49
130        </provider>
131
132        <receiver
132-->[com.razorpay:checkout:1.6.33] AndroidManifest.xml:42:9-49:20
133            android:name="com.razorpay.RzpTokenReceiver"
133-->[com.razorpay:checkout:1.6.33] AndroidManifest.xml:43:13-57
134            android:exported="true" >
134-->[com.razorpay:checkout:1.6.33] AndroidManifest.xml:44:13-36
135            <intent-filter>
135-->[com.razorpay:checkout:1.6.33] AndroidManifest.xml:46:13-48:29
136                <action android:name="rzp.device_token.share" />
136-->[com.razorpay:checkout:1.6.33] AndroidManifest.xml:37:13-61
136-->[com.razorpay:checkout:1.6.33] AndroidManifest.xml:37:21-58
137            </intent-filter>
138        </receiver>
139
140        <activity
140-->[com.razorpay:checkout:1.6.33] AndroidManifest.xml:51:9-59:20
141            android:name="com.razorpay.CheckoutActivity"
141-->[com.razorpay:checkout:1.6.33] AndroidManifest.xml:52:13-57
142            android:configChanges="keyboard|keyboardHidden|orientation|screenSize"
142-->[com.razorpay:checkout:1.6.33] AndroidManifest.xml:53:13-83
143            android:exported="true"
143-->[com.razorpay:checkout:1.6.33] AndroidManifest.xml:54:13-36
144            android:theme="@style/CheckoutTheme" >
144-->[com.razorpay:checkout:1.6.33] AndroidManifest.xml:55:13-49
145            <intent-filter>
145-->[com.razorpay:checkout:1.6.33] AndroidManifest.xml:56:13-58:29
146                <action android:name="android.intent.action.MAIN" />
146-->src/main/AndroidManifest.xml:41:17-69
146-->src/main/AndroidManifest.xml:41:25-66
147            </intent-filter>
148        </activity>
149
150        <meta-data
150-->[com.razorpay:checkout:1.6.33] AndroidManifest.xml:61:9-63:58
151            android:name="com.razorpay.plugin.googlepay_all"
151-->[com.razorpay:checkout:1.6.33] AndroidManifest.xml:62:13-61
152            android:value="com.razorpay.RzpGpayMerged" />
152-->[com.razorpay:checkout:1.6.33] AndroidManifest.xml:63:13-55
153
154        <activity
154-->[com.google.firebase:firebase-auth:23.1.0] AndroidManifest.xml:29:9-46:20
155            android:name="com.google.firebase.auth.internal.GenericIdpActivity"
155-->[com.google.firebase:firebase-auth:23.1.0] AndroidManifest.xml:30:13-80
156            android:excludeFromRecents="true"
156-->[com.google.firebase:firebase-auth:23.1.0] AndroidManifest.xml:31:13-46
157            android:exported="true"
157-->[com.google.firebase:firebase-auth:23.1.0] AndroidManifest.xml:32:13-36
158            android:launchMode="singleTask"
158-->[com.google.firebase:firebase-auth:23.1.0] AndroidManifest.xml:33:13-44
159            android:theme="@android:style/Theme.Translucent.NoTitleBar" >
159-->[com.google.firebase:firebase-auth:23.1.0] AndroidManifest.xml:34:13-72
160            <intent-filter>
160-->[com.google.firebase:firebase-auth:23.1.0] AndroidManifest.xml:35:13-45:29
161                <action android:name="android.intent.action.VIEW" />
161-->[com.razorpay:checkout:1.6.33] AndroidManifest.xml:12:13-65
161-->[com.razorpay:checkout:1.6.33] AndroidManifest.xml:12:21-62
162
163                <category android:name="android.intent.category.DEFAULT" />
163-->[com.google.firebase:firebase-auth:23.1.0] AndroidManifest.xml:38:17-76
163-->[com.google.firebase:firebase-auth:23.1.0] AndroidManifest.xml:38:27-73
164                <category android:name="android.intent.category.BROWSABLE" />
164-->[com.razorpay:checkout:1.6.33] AndroidManifest.xml:21:13-74
164-->[com.razorpay:checkout:1.6.33] AndroidManifest.xml:21:23-71
165
166                <data
166-->[com.razorpay:checkout:1.6.33] AndroidManifest.xml:14:13-16:38
167                    android:host="firebase.auth"
168                    android:path="/"
169                    android:scheme="genericidp" />
169-->[com.razorpay:checkout:1.6.33] AndroidManifest.xml:16:17-35
170            </intent-filter>
171        </activity>
172        <activity
172-->[com.google.firebase:firebase-auth:23.1.0] AndroidManifest.xml:47:9-64:20
173            android:name="com.google.firebase.auth.internal.RecaptchaActivity"
173-->[com.google.firebase:firebase-auth:23.1.0] AndroidManifest.xml:48:13-79
174            android:excludeFromRecents="true"
174-->[com.google.firebase:firebase-auth:23.1.0] AndroidManifest.xml:49:13-46
175            android:exported="true"
175-->[com.google.firebase:firebase-auth:23.1.0] AndroidManifest.xml:50:13-36
176            android:launchMode="singleTask"
176-->[com.google.firebase:firebase-auth:23.1.0] AndroidManifest.xml:51:13-44
177            android:theme="@android:style/Theme.Translucent.NoTitleBar" >
177-->[com.google.firebase:firebase-auth:23.1.0] AndroidManifest.xml:52:13-72
178            <intent-filter>
178-->[com.google.firebase:firebase-auth:23.1.0] AndroidManifest.xml:53:13-63:29
179                <action android:name="android.intent.action.VIEW" />
179-->[com.razorpay:checkout:1.6.33] AndroidManifest.xml:12:13-65
179-->[com.razorpay:checkout:1.6.33] AndroidManifest.xml:12:21-62
180
181                <category android:name="android.intent.category.DEFAULT" />
181-->[com.google.firebase:firebase-auth:23.1.0] AndroidManifest.xml:38:17-76
181-->[com.google.firebase:firebase-auth:23.1.0] AndroidManifest.xml:38:27-73
182                <category android:name="android.intent.category.BROWSABLE" />
182-->[com.razorpay:checkout:1.6.33] AndroidManifest.xml:21:13-74
182-->[com.razorpay:checkout:1.6.33] AndroidManifest.xml:21:23-71
183
184                <data
184-->[com.razorpay:checkout:1.6.33] AndroidManifest.xml:14:13-16:38
185                    android:host="firebase.auth"
186                    android:path="/"
187                    android:scheme="recaptcha" />
187-->[com.razorpay:checkout:1.6.33] AndroidManifest.xml:16:17-35
188            </intent-filter>
189        </activity>
190
191        <service
191-->[com.google.firebase:firebase-auth:23.1.0] AndroidManifest.xml:66:9-72:19
192            android:name="com.google.firebase.components.ComponentDiscoveryService"
192-->[com.google.firebase:firebase-auth:23.1.0] AndroidManifest.xml:67:13-84
193            android:directBootAware="true"
193-->[com.google.firebase:firebase-common:21.0.0] AndroidManifest.xml:32:13-43
194            android:exported="false" >
194-->[com.google.firebase:firebase-auth:23.1.0] AndroidManifest.xml:68:13-37
195            <meta-data
195-->[com.google.firebase:firebase-auth:23.1.0] AndroidManifest.xml:69:13-71:85
196                android:name="com.google.firebase.components:com.google.firebase.auth.FirebaseAuthRegistrar"
196-->[com.google.firebase:firebase-auth:23.1.0] AndroidManifest.xml:70:17-109
197                android:value="com.google.firebase.components.ComponentRegistrar" />
197-->[com.google.firebase:firebase-auth:23.1.0] AndroidManifest.xml:71:17-82
198            <meta-data
198-->[com.google.firebase:firebase-messaging:24.1.0] AndroidManifest.xml:57:13-59:85
199                android:name="com.google.firebase.components:com.google.firebase.messaging.FirebaseMessagingKtxRegistrar"
199-->[com.google.firebase:firebase-messaging:24.1.0] AndroidManifest.xml:58:17-122
200                android:value="com.google.firebase.components.ComponentRegistrar" />
200-->[com.google.firebase:firebase-messaging:24.1.0] AndroidManifest.xml:59:17-82
201            <meta-data
201-->[com.google.firebase:firebase-messaging:24.1.0] AndroidManifest.xml:60:13-62:85
202                android:name="com.google.firebase.components:com.google.firebase.messaging.FirebaseMessagingRegistrar"
202-->[com.google.firebase:firebase-messaging:24.1.0] AndroidManifest.xml:61:17-119
203                android:value="com.google.firebase.components.ComponentRegistrar" />
203-->[com.google.firebase:firebase-messaging:24.1.0] AndroidManifest.xml:62:17-82
204            <meta-data
204-->[com.google.android.gms:play-services-measurement-api:22.1.2] AndroidManifest.xml:37:13-39:85
205                android:name="com.google.firebase.components:com.google.firebase.analytics.connector.internal.AnalyticsConnectorRegistrar"
205-->[com.google.android.gms:play-services-measurement-api:22.1.2] AndroidManifest.xml:38:17-139
206                android:value="com.google.firebase.components.ComponentRegistrar" />
206-->[com.google.android.gms:play-services-measurement-api:22.1.2] AndroidManifest.xml:39:17-82
207            <meta-data
207-->[com.google.firebase:firebase-installations:18.0.0] AndroidManifest.xml:15:13-17:85
208                android:name="com.google.firebase.components:com.google.firebase.installations.FirebaseInstallationsKtxRegistrar"
208-->[com.google.firebase:firebase-installations:18.0.0] AndroidManifest.xml:16:17-130
209                android:value="com.google.firebase.components.ComponentRegistrar" />
209-->[com.google.firebase:firebase-installations:18.0.0] AndroidManifest.xml:17:17-82
210            <meta-data
210-->[com.google.firebase:firebase-installations:18.0.0] AndroidManifest.xml:18:13-20:85
211                android:name="com.google.firebase.components:com.google.firebase.installations.FirebaseInstallationsRegistrar"
211-->[com.google.firebase:firebase-installations:18.0.0] AndroidManifest.xml:19:17-127
212                android:value="com.google.firebase.components.ComponentRegistrar" />
212-->[com.google.firebase:firebase-installations:18.0.0] AndroidManifest.xml:20:17-82
213            <meta-data
213-->[com.google.firebase:firebase-common-ktx:21.0.0] AndroidManifest.xml:12:13-14:85
214                android:name="com.google.firebase.components:com.google.firebase.ktx.FirebaseCommonLegacyRegistrar"
214-->[com.google.firebase:firebase-common-ktx:21.0.0] AndroidManifest.xml:13:17-116
215                android:value="com.google.firebase.components.ComponentRegistrar" />
215-->[com.google.firebase:firebase-common-ktx:21.0.0] AndroidManifest.xml:14:17-82
216            <meta-data
216-->[com.google.firebase:firebase-common:21.0.0] AndroidManifest.xml:35:13-37:85
217                android:name="com.google.firebase.components:com.google.firebase.FirebaseCommonKtxRegistrar"
217-->[com.google.firebase:firebase-common:21.0.0] AndroidManifest.xml:36:17-109
218                android:value="com.google.firebase.components.ComponentRegistrar" />
218-->[com.google.firebase:firebase-common:21.0.0] AndroidManifest.xml:37:17-82
219            <meta-data
219-->[com.google.firebase:firebase-datatransport:18.2.0] AndroidManifest.xml:25:13-27:85
220                android:name="com.google.firebase.components:com.google.firebase.datatransport.TransportRegistrar"
220-->[com.google.firebase:firebase-datatransport:18.2.0] AndroidManifest.xml:26:17-115
221                android:value="com.google.firebase.components.ComponentRegistrar" />
221-->[com.google.firebase:firebase-datatransport:18.2.0] AndroidManifest.xml:27:17-82
222        </service>
223        <service
223-->[androidx.credentials:credentials-play-services-auth:1.2.0-rc01] AndroidManifest.xml:24:9-32:19
224            android:name="androidx.credentials.playservices.CredentialProviderMetadataHolder"
224-->[androidx.credentials:credentials-play-services-auth:1.2.0-rc01] AndroidManifest.xml:25:13-94
225            android:enabled="true"
225-->[androidx.credentials:credentials-play-services-auth:1.2.0-rc01] AndroidManifest.xml:26:13-35
226            android:exported="false" >
226-->[androidx.credentials:credentials-play-services-auth:1.2.0-rc01] AndroidManifest.xml:27:13-37
227            <meta-data
227-->[androidx.credentials:credentials-play-services-auth:1.2.0-rc01] AndroidManifest.xml:29:13-31:104
228                android:name="androidx.credentials.CREDENTIAL_PROVIDER_KEY"
228-->[androidx.credentials:credentials-play-services-auth:1.2.0-rc01] AndroidManifest.xml:30:17-76
229                android:value="androidx.credentials.playservices.CredentialProviderPlayServicesImpl" />
229-->[androidx.credentials:credentials-play-services-auth:1.2.0-rc01] AndroidManifest.xml:31:17-101
230        </service>
231
232        <activity
232-->[androidx.credentials:credentials-play-services-auth:1.2.0-rc01] AndroidManifest.xml:34:9-41:20
233            android:name="androidx.credentials.playservices.HiddenActivity"
233-->[androidx.credentials:credentials-play-services-auth:1.2.0-rc01] AndroidManifest.xml:35:13-76
234            android:configChanges="orientation|screenSize|screenLayout|keyboardHidden"
234-->[androidx.credentials:credentials-play-services-auth:1.2.0-rc01] AndroidManifest.xml:36:13-87
235            android:enabled="true"
235-->[androidx.credentials:credentials-play-services-auth:1.2.0-rc01] AndroidManifest.xml:37:13-35
236            android:exported="false"
236-->[androidx.credentials:credentials-play-services-auth:1.2.0-rc01] AndroidManifest.xml:38:13-37
237            android:fitsSystemWindows="true"
237-->[androidx.credentials:credentials-play-services-auth:1.2.0-rc01] AndroidManifest.xml:39:13-45
238            android:theme="@style/Theme.Hidden" >
238-->[androidx.credentials:credentials-play-services-auth:1.2.0-rc01] AndroidManifest.xml:40:13-48
239        </activity>
240        <activity
240-->[com.google.android.gms:play-services-auth:21.3.0] AndroidManifest.xml:23:9-27:75
241            android:name="com.google.android.gms.auth.api.signin.internal.SignInHubActivity"
241-->[com.google.android.gms:play-services-auth:21.3.0] AndroidManifest.xml:24:13-93
242            android:excludeFromRecents="true"
242-->[com.google.android.gms:play-services-auth:21.3.0] AndroidManifest.xml:25:13-46
243            android:exported="false"
243-->[com.google.android.gms:play-services-auth:21.3.0] AndroidManifest.xml:26:13-37
244            android:theme="@android:style/Theme.Translucent.NoTitleBar" />
244-->[com.google.android.gms:play-services-auth:21.3.0] AndroidManifest.xml:27:13-72
245        <!--
246            Service handling Google Sign-In user revocation. For apps that do not integrate with
247            Google Sign-In, this service will never be started.
248        -->
249        <service
249-->[com.google.android.gms:play-services-auth:21.3.0] AndroidManifest.xml:33:9-37:51
250            android:name="com.google.android.gms.auth.api.signin.RevocationBoundService"
250-->[com.google.android.gms:play-services-auth:21.3.0] AndroidManifest.xml:34:13-89
251            android:exported="true"
251-->[com.google.android.gms:play-services-auth:21.3.0] AndroidManifest.xml:35:13-36
252            android:permission="com.google.android.gms.auth.api.signin.permission.REVOCATION_NOTIFICATION"
252-->[com.google.android.gms:play-services-auth:21.3.0] AndroidManifest.xml:36:13-107
253            android:visibleToInstantApps="true" />
253-->[com.google.android.gms:play-services-auth:21.3.0] AndroidManifest.xml:37:13-48
254
255        <receiver
255-->[com.google.firebase:firebase-messaging:24.1.0] AndroidManifest.xml:29:9-40:20
256            android:name="com.google.firebase.iid.FirebaseInstanceIdReceiver"
256-->[com.google.firebase:firebase-messaging:24.1.0] AndroidManifest.xml:30:13-78
257            android:exported="true"
257-->[com.google.firebase:firebase-messaging:24.1.0] AndroidManifest.xml:31:13-36
258            android:permission="com.google.android.c2dm.permission.SEND" >
258-->[com.google.firebase:firebase-messaging:24.1.0] AndroidManifest.xml:32:13-73
259            <intent-filter>
259-->[com.google.firebase:firebase-messaging:24.1.0] AndroidManifest.xml:33:13-35:29
260                <action android:name="com.google.android.c2dm.intent.RECEIVE" />
260-->[com.google.firebase:firebase-messaging:24.1.0] AndroidManifest.xml:34:17-81
260-->[com.google.firebase:firebase-messaging:24.1.0] AndroidManifest.xml:34:25-78
261            </intent-filter>
262
263            <meta-data
263-->[com.google.firebase:firebase-messaging:24.1.0] AndroidManifest.xml:37:13-39:40
264                android:name="com.google.android.gms.cloudmessaging.FINISHED_AFTER_HANDLED"
264-->[com.google.firebase:firebase-messaging:24.1.0] AndroidManifest.xml:38:17-92
265                android:value="true" />
265-->[com.google.firebase:firebase-messaging:24.1.0] AndroidManifest.xml:39:17-37
266        </receiver>
267        <!--
268             FirebaseMessagingService performs security checks at runtime,
269             but set to not exported to explicitly avoid allowing another app to call it.
270        -->
271        <service
271-->[com.google.firebase:firebase-messaging:24.1.0] AndroidManifest.xml:46:9-53:19
272            android:name="com.google.firebase.messaging.FirebaseMessagingService"
272-->[com.google.firebase:firebase-messaging:24.1.0] AndroidManifest.xml:47:13-82
273            android:directBootAware="true"
273-->[com.google.firebase:firebase-messaging:24.1.0] AndroidManifest.xml:48:13-43
274            android:exported="false" >
274-->[com.google.firebase:firebase-messaging:24.1.0] AndroidManifest.xml:49:13-37
275            <intent-filter android:priority="-500" >
275-->src/main/AndroidManifest.xml:67:13-69:29
276                <action android:name="com.google.firebase.MESSAGING_EVENT" />
276-->src/main/AndroidManifest.xml:68:17-78
276-->src/main/AndroidManifest.xml:68:25-75
277            </intent-filter>
278        </service> <!-- Needs to be explicitly declared on P+ -->
279        <uses-library
279-->[com.google.android.gms:play-services-maps:17.0.0] AndroidManifest.xml:33:9-35:40
280            android:name="org.apache.http.legacy"
280-->[com.google.android.gms:play-services-maps:17.0.0] AndroidManifest.xml:34:13-50
281            android:required="false" />
281-->[com.google.android.gms:play-services-maps:17.0.0] AndroidManifest.xml:35:13-37
282
283        <receiver
283-->[com.google.android.gms:play-services-measurement:22.1.2] AndroidManifest.xml:29:9-33:20
284            android:name="com.google.android.gms.measurement.AppMeasurementReceiver"
284-->[com.google.android.gms:play-services-measurement:22.1.2] AndroidManifest.xml:30:13-85
285            android:enabled="true"
285-->[com.google.android.gms:play-services-measurement:22.1.2] AndroidManifest.xml:31:13-35
286            android:exported="false" >
286-->[com.google.android.gms:play-services-measurement:22.1.2] AndroidManifest.xml:32:13-37
287        </receiver>
288
289        <service
289-->[com.google.android.gms:play-services-measurement:22.1.2] AndroidManifest.xml:35:9-38:40
290            android:name="com.google.android.gms.measurement.AppMeasurementService"
290-->[com.google.android.gms:play-services-measurement:22.1.2] AndroidManifest.xml:36:13-84
291            android:enabled="true"
291-->[com.google.android.gms:play-services-measurement:22.1.2] AndroidManifest.xml:37:13-35